<?xml version="1.0" encoding="UTF-8"?>
<testsuite xmlns:xsi="http://www.w3.org/2001/XMLSchema-instance" xsi:noNamespaceSchemaLocation="https://maven.apache.org/surefire/maven-surefire-plugin/xsd/surefire-test-report.xsd" name="com.helloworld.docker.HelloWorldApplicationTests" time="9.604" tests="1" errors="0" skipped="0" failures="0">
  <properties>
    <property name="sun.desktop" value="windows"/>
    <property name="awt.toolkit" value="sun.awt.windows.WToolkit"/>
    <property name="file.encoding.pkg" value="sun.io"/>
    <property name="java.specification.version" value="1.8"/>
    <property name="sun.cpu.isalist" value="amd64"/>
    <property name="sun.jnu.encoding" value="Cp1252"/>
    <property name="java.class.path" value="C:\Users\Juan\Documents\workspaceMS\HelloWorld\target\test-classes;C:\Users\Juan\Documents\workspaceMS\HelloWorld\target\classes;C:\Users\Juan\.m2\repository\org\springframework\boot\spring-boot-starter-web\2.2.0.M5\spring-boot-starter-web-2.2.0.M5.jar;C:\Users\Juan\.m2\repository\org\springframework\boot\spring-boot-starter\2.2.0.M5\spring-boot-starter-2.2.0.M5.jar;C:\Users\Juan\.m2\repository\org\springframework\boot\spring-boot\2.2.0.M5\spring-boot-2.2.0.M5.jar;C:\Users\Juan\.m2\repository\org\springframework\boot\spring-boot-autoconfigure\2.2.0.M5\spring-boot-autoconfigure-2.2.0.M5.jar;C:\Users\Juan\.m2\repository\org\springframework\boot\spring-boot-starter-logging\2.2.0.M5\spring-boot-starter-logging-2.2.0.M5.jar;C:\Users\Juan\.m2\repository\ch\qos\logback\logback-classic\1.2.3\logback-classic-1.2.3.jar;C:\Users\Juan\.m2\repository\ch\qos\logback\logback-core\1.2.3\logback-core-1.2.3.jar;C:\Users\Juan\.m2\repository\org\apache\logging\log4j\log4j-to-slf4j\2.12.0\log4j-to-slf4j-2.12.0.jar;C:\Users\Juan\.m2\repository\org\apache\logging\log4j\log4j-api\2.12.0\log4j-api-2.12.0.jar;C:\Users\Juan\.m2\repository\org\slf4j\jul-to-slf4j\1.7.26\jul-to-slf4j-1.7.26.jar;C:\Users\Juan\.m2\repository\jakarta\annotation\jakarta.annotation-api\1.3.4\jakarta.annotation-api-1.3.4.jar;C:\Users\Juan\.m2\repository\org\yaml\snakeyaml\1.24\snakeyaml-1.24.jar;C:\Users\Juan\.m2\repository\org\springframework\boot\spring-boot-starter-json\2.2.0.M5\spring-boot-starter-json-2.2.0.M5.jar;C:\Users\Juan\.m2\repository\com\fasterxml\jackson\core\jackson-databind\2.9.9\jackson-databind-2.9.9.jar;C:\Users\Juan\.m2\repository\com\fasterxml\jackson\core\jackson-annotations\2.9.0\jackson-annotations-2.9.0.jar;C:\Users\Juan\.m2\repository\com\fasterxml\jackson\core\jackson-core\2.9.9\jackson-core-2.9.9.jar;C:\Users\Juan\.m2\repository\com\fasterxml\jackson\datatype\jackson-datatype-jdk8\2.9.9\jackson-datatype-jdk8-2.9.9.jar;C:\Users\Juan\.m2\repository\com\fasterxml\jackson\datatype\jackson-datatype-jsr310\2.9.9\jackson-datatype-jsr310-2.9.9.jar;C:\Users\Juan\.m2\repository\com\fasterxml\jackson\module\jackson-module-parameter-names\2.9.9\jackson-module-parameter-names-2.9.9.jar;C:\Users\Juan\.m2\repository\org\springframework\boot\spring-boot-starter-tomcat\2.2.0.M5\spring-boot-starter-tomcat-2.2.0.M5.jar;C:\Users\Juan\.m2\repository\org\apache\tomcat\embed\tomcat-embed-core\9.0.22\tomcat-embed-core-9.0.22.jar;C:\Users\Juan\.m2\repository\org\apache\tomcat\embed\tomcat-embed-el\9.0.22\tomcat-embed-el-9.0.22.jar;C:\Users\Juan\.m2\repository\org\apache\tomcat\embed\tomcat-embed-websocket\9.0.22\tomcat-embed-websocket-9.0.22.jar;C:\Users\Juan\.m2\repository\org\springframework\boot\spring-boot-starter-validation\2.2.0.M5\spring-boot-starter-validation-2.2.0.M5.jar;C:\Users\Juan\.m2\repository\jakarta\validation\jakarta.validation-api\2.0.1\jakarta.validation-api-2.0.1.jar;C:\Users\Juan\.m2\repository\org\hibernate\validator\hibernate-validator\6.0.17.Final\hibernate-validator-6.0.17.Final.jar;C:\Users\Juan\.m2\repository\org\jboss\logging\jboss-logging\3.4.0.Final\jboss-logging-3.4.0.Final.jar;C:\Users\Juan\.m2\repository\com\fasterxml\classmate\1.5.0\classmate-1.5.0.jar;C:\Users\Juan\.m2\repository\org\springframework\spring-web\5.2.0.RC1\spring-web-5.2.0.RC1.jar;C:\Users\Juan\.m2\repository\org\springframework\spring-beans\5.2.0.RC1\spring-beans-5.2.0.RC1.jar;C:\Users\Juan\.m2\repository\org\springframework\spring-webmvc\5.2.0.RC1\spring-webmvc-5.2.0.RC1.jar;C:\Users\Juan\.m2\repository\org\springframework\spring-aop\5.2.0.RC1\spring-aop-5.2.0.RC1.jar;C:\Users\Juan\.m2\repository\org\springframework\spring-context\5.2.0.RC1\spring-context-5.2.0.RC1.jar;C:\Users\Juan\.m2\repository\org\springframework\spring-expression\5.2.0.RC1\spring-expression-5.2.0.RC1.jar;C:\Users\Juan\.m2\repository\org\springframework\cloud\spring-cloud-starter\2.2.0.M2\spring-cloud-starter-2.2.0.M2.jar;C:\Users\Juan\.m2\repository\org\springframework\cloud\spring-cloud-context\2.2.0.M2\spring-cloud-context-2.2.0.M2.jar;C:\Users\Juan\.m2\repository\org\springframework\security\spring-security-crypto\5.2.0.M4\spring-security-crypto-5.2.0.M4.jar;C:\Users\Juan\.m2\repository\org\springframework\cloud\spring-cloud-commons\2.2.0.M2\spring-cloud-commons-2.2.0.M2.jar;C:\Users\Juan\.m2\repository\org\springframework\security\spring-security-rsa\1.0.7.RELEASE\spring-security-rsa-1.0.7.RELEASE.jar;C:\Users\Juan\.m2\repository\org\bouncycastle\bcpkix-jdk15on\1.60\bcpkix-jdk15on-1.60.jar;C:\Users\Juan\.m2\repository\org\bouncycastle\bcprov-jdk15on\1.60\bcprov-jdk15on-1.60.jar;C:\Users\Juan\.m2\repository\org\springframework\boot\spring-boot-starter-test\2.2.0.M5\spring-boot-starter-test-2.2.0.M5.jar;C:\Users\Juan\.m2\repository\org\springframework\boot\spring-boot-test\2.2.0.M5\spring-boot-test-2.2.0.M5.jar;C:\Users\Juan\.m2\repository\org\springframework\boot\spring-boot-test-autoconfigure\2.2.0.M5\spring-boot-test-autoconfigure-2.2.0.M5.jar;C:\Users\Juan\.m2\repository\com\jayway\jsonpath\json-path\2.4.0\json-path-2.4.0.jar;C:\Users\Juan\.m2\repository\net\minidev\json-smart\2.3\json-smart-2.3.jar;C:\Users\Juan\.m2\repository\net\minidev\accessors-smart\1.2\accessors-smart-1.2.jar;C:\Users\Juan\.m2\repository\org\ow2\asm\asm\5.0.4\asm-5.0.4.jar;C:\Users\Juan\.m2\repository\org\slf4j\slf4j-api\1.7.26\slf4j-api-1.7.26.jar;C:\Users\Juan\.m2\repository\jakarta\xml\bind\jakarta.xml.bind-api\2.3.2\jakarta.xml.bind-api-2.3.2.jar;C:\Users\Juan\.m2\repository\jakarta\activation\jakarta.activation-api\1.2.1\jakarta.activation-api-1.2.1.jar;C:\Users\Juan\.m2\repository\org\junit\jupiter\junit-jupiter\5.5.1\junit-jupiter-5.5.1.jar;C:\Users\Juan\.m2\repository\org\junit\jupiter\junit-jupiter-api\5.5.1\junit-jupiter-api-5.5.1.jar;C:\Users\Juan\.m2\repository\org\apiguardian\apiguardian-api\1.1.0\apiguardian-api-1.1.0.jar;C:\Users\Juan\.m2\repository\org\opentest4j\opentest4j\1.2.0\opentest4j-1.2.0.jar;C:\Users\Juan\.m2\repository\org\junit\platform\junit-platform-commons\1.5.1\junit-platform-commons-1.5.1.jar;C:\Users\Juan\.m2\repository\org\junit\jupiter\junit-jupiter-params\5.5.1\junit-jupiter-params-5.5.1.jar;C:\Users\Juan\.m2\repository\org\junit\jupiter\junit-jupiter-engine\5.5.1\junit-jupiter-engine-5.5.1.jar;C:\Users\Juan\.m2\repository\org\junit\platform\junit-platform-engine\1.5.1\junit-platform-engine-1.5.1.jar;C:\Users\Juan\.m2\repository\org\mockito\mockito-junit-jupiter\2.28.2\mockito-junit-jupiter-2.28.2.jar;C:\Users\Juan\.m2\repository\org\assertj\assertj-core\3.13.2\assertj-core-3.13.2.jar;C:\Users\Juan\.m2\repository\org\hamcrest\hamcrest\2.1\hamcrest-2.1.jar;C:\Users\Juan\.m2\repository\org\mockito\mockito-core\2.28.2\mockito-core-2.28.2.jar;C:\Users\Juan\.m2\repository\net\bytebuddy\byte-buddy\1.10.0\byte-buddy-1.10.0.jar;C:\Users\Juan\.m2\repository\net\bytebuddy\byte-buddy-agent\1.10.0\byte-buddy-agent-1.10.0.jar;C:\Users\Juan\.m2\repository\org\objenesis\objenesis\2.6\objenesis-2.6.jar;C:\Users\Juan\.m2\repository\org\skyscreamer\jsonassert\1.5.0\jsonassert-1.5.0.jar;C:\Users\Juan\.m2\repository\com\vaadin\external\google\android-json\0.0.20131108.vaadin1\android-json-0.0.20131108.vaadin1.jar;C:\Users\Juan\.m2\repository\org\springframework\spring-core\5.2.0.RC1\spring-core-5.2.0.RC1.jar;C:\Users\Juan\.m2\repository\org\springframework\spring-jcl\5.2.0.RC1\spring-jcl-5.2.0.RC1.jar;C:\Users\Juan\.m2\repository\org\springframework\spring-test\5.2.0.RC1\spring-test-5.2.0.RC1.jar;C:\Users\Juan\.m2\repository\org\xmlunit\xmlunit-core\2.6.3\xmlunit-core-2.6.3.jar;"/>
    <property name="java.vm.vendor" value="Oracle Corporation"/>
    <property name="sun.arch.data.model" value="64"/>
    <property name="user.variant" value=""/>
    <property name="java.vendor.url" value="http://java.oracle.com/"/>
    <property name="user.timezone" value="America/Mexico_City"/>
    <property name="java.vm.specification.version" value="1.8"/>
    <property name="os.name" value="Windows 10"/>
    <property name="user.country" value="MX"/>
    <property name="sun.java.launcher" value="SUN_STANDARD"/>
    <property name="sun.boot.library.path" value="C:\Program Files\Java\jdk1.8.0_221\jre\bin"/>
    <property name="sun.java.command" value="C:\Users\Juan\AppData\Local\Temp\surefire3430318413514731663\surefirebooter7478317998022129632.jar C:\Users\Juan\AppData\Local\Temp\surefire3430318413514731663 2019-08-31T12-24-28_678-jvmRun1 surefire8731235419321811244tmp surefire_09077984232369476005tmp"/>
    <property name="surefire.test.class.path" value="C:\Users\Juan\Documents\workspaceMS\HelloWorld\target\test-classes;C:\Users\Juan\Documents\workspaceMS\HelloWorld\target\classes;C:\Users\Juan\.m2\repository\org\springframework\boot\spring-boot-starter-web\2.2.0.M5\spring-boot-starter-web-2.2.0.M5.jar;C:\Users\Juan\.m2\repository\org\springframework\boot\spring-boot-starter\2.2.0.M5\spring-boot-starter-2.2.0.M5.jar;C:\Users\Juan\.m2\repository\org\springframework\boot\spring-boot\2.2.0.M5\spring-boot-2.2.0.M5.jar;C:\Users\Juan\.m2\repository\org\springframework\boot\spring-boot-autoconfigure\2.2.0.M5\spring-boot-autoconfigure-2.2.0.M5.jar;C:\Users\Juan\.m2\repository\org\springframework\boot\spring-boot-starter-logging\2.2.0.M5\spring-boot-starter-logging-2.2.0.M5.jar;C:\Users\Juan\.m2\repository\ch\qos\logback\logback-classic\1.2.3\logback-classic-1.2.3.jar;C:\Users\Juan\.m2\repository\ch\qos\logback\logback-core\1.2.3\logback-core-1.2.3.jar;C:\Users\Juan\.m2\repository\org\apache\logging\log4j\log4j-to-slf4j\2.12.0\log4j-to-slf4j-2.12.0.jar;C:\Users\Juan\.m2\repository\org\apache\logging\log4j\log4j-api\2.12.0\log4j-api-2.12.0.jar;C:\Users\Juan\.m2\repository\org\slf4j\jul-to-slf4j\1.7.26\jul-to-slf4j-1.7.26.jar;C:\Users\Juan\.m2\repository\jakarta\annotation\jakarta.annotation-api\1.3.4\jakarta.annotation-api-1.3.4.jar;C:\Users\Juan\.m2\repository\org\yaml\snakeyaml\1.24\snakeyaml-1.24.jar;C:\Users\Juan\.m2\repository\org\springframework\boot\spring-boot-starter-json\2.2.0.M5\spring-boot-starter-json-2.2.0.M5.jar;C:\Users\Juan\.m2\repository\com\fasterxml\jackson\core\jackson-databind\2.9.9\jackson-databind-2.9.9.jar;C:\Users\Juan\.m2\repository\com\fasterxml\jackson\core\jackson-annotations\2.9.0\jackson-annotations-2.9.0.jar;C:\Users\Juan\.m2\repository\com\fasterxml\jackson\core\jackson-core\2.9.9\jackson-core-2.9.9.jar;C:\Users\Juan\.m2\repository\com\fasterxml\jackson\datatype\jackson-datatype-jdk8\2.9.9\jackson-datatype-jdk8-2.9.9.jar;C:\Users\Juan\.m2\repository\com\fasterxml\jackson\datatype\jackson-datatype-jsr310\2.9.9\jackson-datatype-jsr310-2.9.9.jar;C:\Users\Juan\.m2\repository\com\fasterxml\jackson\module\jackson-module-parameter-names\2.9.9\jackson-module-parameter-names-2.9.9.jar;C:\Users\Juan\.m2\repository\org\springframework\boot\spring-boot-starter-tomcat\2.2.0.M5\spring-boot-starter-tomcat-2.2.0.M5.jar;C:\Users\Juan\.m2\repository\org\apache\tomcat\embed\tomcat-embed-core\9.0.22\tomcat-embed-core-9.0.22.jar;C:\Users\Juan\.m2\repository\org\apache\tomcat\embed\tomcat-embed-el\9.0.22\tomcat-embed-el-9.0.22.jar;C:\Users\Juan\.m2\repository\org\apache\tomcat\embed\tomcat-embed-websocket\9.0.22\tomcat-embed-websocket-9.0.22.jar;C:\Users\Juan\.m2\repository\org\springframework\boot\spring-boot-starter-validation\2.2.0.M5\spring-boot-starter-validation-2.2.0.M5.jar;C:\Users\Juan\.m2\repository\jakarta\validation\jakarta.validation-api\2.0.1\jakarta.validation-api-2.0.1.jar;C:\Users\Juan\.m2\repository\org\hibernate\validator\hibernate-validator\6.0.17.Final\hibernate-validator-6.0.17.Final.jar;C:\Users\Juan\.m2\repository\org\jboss\logging\jboss-logging\3.4.0.Final\jboss-logging-3.4.0.Final.jar;C:\Users\Juan\.m2\repository\com\fasterxml\classmate\1.5.0\classmate-1.5.0.jar;C:\Users\Juan\.m2\repository\org\springframework\spring-web\5.2.0.RC1\spring-web-5.2.0.RC1.jar;C:\Users\Juan\.m2\repository\org\springframework\spring-beans\5.2.0.RC1\spring-beans-5.2.0.RC1.jar;C:\Users\Juan\.m2\repository\org\springframework\spring-webmvc\5.2.0.RC1\spring-webmvc-5.2.0.RC1.jar;C:\Users\Juan\.m2\repository\org\springframework\spring-aop\5.2.0.RC1\spring-aop-5.2.0.RC1.jar;C:\Users\Juan\.m2\repository\org\springframework\spring-context\5.2.0.RC1\spring-context-5.2.0.RC1.jar;C:\Users\Juan\.m2\repository\org\springframework\spring-expression\5.2.0.RC1\spring-expression-5.2.0.RC1.jar;C:\Users\Juan\.m2\repository\org\springframework\cloud\spring-cloud-starter\2.2.0.M2\spring-cloud-starter-2.2.0.M2.jar;C:\Users\Juan\.m2\repository\org\springframework\cloud\spring-cloud-context\2.2.0.M2\spring-cloud-context-2.2.0.M2.jar;C:\Users\Juan\.m2\repository\org\springframework\security\spring-security-crypto\5.2.0.M4\spring-security-crypto-5.2.0.M4.jar;C:\Users\Juan\.m2\repository\org\springframework\cloud\spring-cloud-commons\2.2.0.M2\spring-cloud-commons-2.2.0.M2.jar;C:\Users\Juan\.m2\repository\org\springframework\security\spring-security-rsa\1.0.7.RELEASE\spring-security-rsa-1.0.7.RELEASE.jar;C:\Users\Juan\.m2\repository\org\bouncycastle\bcpkix-jdk15on\1.60\bcpkix-jdk15on-1.60.jar;C:\Users\Juan\.m2\repository\org\bouncycastle\bcprov-jdk15on\1.60\bcprov-jdk15on-1.60.jar;C:\Users\Juan\.m2\repository\org\springframework\boot\spring-boot-starter-test\2.2.0.M5\spring-boot-starter-test-2.2.0.M5.jar;C:\Users\Juan\.m2\repository\org\springframework\boot\spring-boot-test\2.2.0.M5\spring-boot-test-2.2.0.M5.jar;C:\Users\Juan\.m2\repository\org\springframework\boot\spring-boot-test-autoconfigure\2.2.0.M5\spring-boot-test-autoconfigure-2.2.0.M5.jar;C:\Users\Juan\.m2\repository\com\jayway\jsonpath\json-path\2.4.0\json-path-2.4.0.jar;C:\Users\Juan\.m2\repository\net\minidev\json-smart\2.3\json-smart-2.3.jar;C:\Users\Juan\.m2\repository\net\minidev\accessors-smart\1.2\accessors-smart-1.2.jar;C:\Users\Juan\.m2\repository\org\ow2\asm\asm\5.0.4\asm-5.0.4.jar;C:\Users\Juan\.m2\repository\org\slf4j\slf4j-api\1.7.26\slf4j-api-1.7.26.jar;C:\Users\Juan\.m2\repository\jakarta\xml\bind\jakarta.xml.bind-api\2.3.2\jakarta.xml.bind-api-2.3.2.jar;C:\Users\Juan\.m2\repository\jakarta\activation\jakarta.activation-api\1.2.1\jakarta.activation-api-1.2.1.jar;C:\Users\Juan\.m2\repository\org\junit\jupiter\junit-jupiter\5.5.1\junit-jupiter-5.5.1.jar;C:\Users\Juan\.m2\repository\org\junit\jupiter\junit-jupiter-api\5.5.1\junit-jupiter-api-5.5.1.jar;C:\Users\Juan\.m2\repository\org\apiguardian\apiguardian-api\1.1.0\apiguardian-api-1.1.0.jar;C:\Users\Juan\.m2\repository\org\opentest4j\opentest4j\1.2.0\opentest4j-1.2.0.jar;C:\Users\Juan\.m2\repository\org\junit\platform\junit-platform-commons\1.5.1\junit-platform-commons-1.5.1.jar;C:\Users\Juan\.m2\repository\org\junit\jupiter\junit-jupiter-params\5.5.1\junit-jupiter-params-5.5.1.jar;C:\Users\Juan\.m2\repository\org\junit\jupiter\junit-jupiter-engine\5.5.1\junit-jupiter-engine-5.5.1.jar;C:\Users\Juan\.m2\repository\org\junit\platform\junit-platform-engine\1.5.1\junit-platform-engine-1.5.1.jar;C:\Users\Juan\.m2\repository\org\mockito\mockito-junit-jupiter\2.28.2\mockito-junit-jupiter-2.28.2.jar;C:\Users\Juan\.m2\repository\org\assertj\assertj-core\3.13.2\assertj-core-3.13.2.jar;C:\Users\Juan\.m2\repository\org\hamcrest\hamcrest\2.1\hamcrest-2.1.jar;C:\Users\Juan\.m2\repository\org\mockito\mockito-core\2.28.2\mockito-core-2.28.2.jar;C:\Users\Juan\.m2\repository\net\bytebuddy\byte-buddy\1.10.0\byte-buddy-1.10.0.jar;C:\Users\Juan\.m2\repository\net\bytebuddy\byte-buddy-agent\1.10.0\byte-buddy-agent-1.10.0.jar;C:\Users\Juan\.m2\repository\org\objenesis\objenesis\2.6\objenesis-2.6.jar;C:\Users\Juan\.m2\repository\org\skyscreamer\jsonassert\1.5.0\jsonassert-1.5.0.jar;C:\Users\Juan\.m2\repository\com\vaadin\external\google\android-json\0.0.20131108.vaadin1\android-json-0.0.20131108.vaadin1.jar;C:\Users\Juan\.m2\repository\org\springframework\spring-core\5.2.0.RC1\spring-core-5.2.0.RC1.jar;C:\Users\Juan\.m2\repository\org\springframework\spring-jcl\5.2.0.RC1\spring-jcl-5.2.0.RC1.jar;C:\Users\Juan\.m2\repository\org\springframework\spring-test\5.2.0.RC1\spring-test-5.2.0.RC1.jar;C:\Users\Juan\.m2\repository\org\xmlunit\xmlunit-core\2.6.3\xmlunit-core-2.6.3.jar;"/>
    <property name="sun.cpu.endian" value="little"/>
    <property name="user.home" value="C:\Users\Juan"/>
    <property name="user.language" value="es"/>
    <property name="java.specification.vendor" value="Oracle Corporation"/>
    <property name="java.home" value="C:\Program Files\Java\jdk1.8.0_221\jre"/>
    <property name="basedir" value="C:\Users\Juan\Documents\workspaceMS\HelloWorld"/>
    <property name="file.separator" value="\"/>
    <property name="line.separator" value="&#10;"/>
    <property name="java.vm.specification.vendor" value="Oracle Corporation"/>
    <property name="java.specification.name" value="Java Platform API Specification"/>
    <property name="java.awt.graphicsenv" value="sun.awt.Win32GraphicsEnvironment"/>
    <property name="surefire.real.class.path" value="C:\Users\Juan\AppData\Local\Temp\surefire3430318413514731663\surefirebooter7478317998022129632.jar"/>
    <property name="sun.boot.class.path" value="C:\Program Files\Java\jdk1.8.0_221\jre\lib\resources.jar;C:\Program Files\Java\jdk1.8.0_221\jre\lib\rt.jar;C:\Program Files\Java\jdk1.8.0_221\jre\lib\sunrsasign.jar;C:\Program Files\Java\jdk1.8.0_221\jre\lib\jsse.jar;C:\Program Files\Java\jdk1.8.0_221\jre\lib\jce.jar;C:\Program Files\Java\jdk1.8.0_221\jre\lib\charsets.jar;C:\Program Files\Java\jdk1.8.0_221\jre\lib\jfr.jar;C:\Program Files\Java\jdk1.8.0_221\jre\classes"/>
    <property name="user.script" value=""/>
    <property name="sun.management.compiler" value="HotSpot 64-Bit Tiered Compilers"/>
    <property name="java.runtime.version" value="1.8.0_221-b11"/>
    <property name="user.name" value="Juan"/>
    <property name="path.separator" value=";"/>
    <property name="os.version" value="10.0"/>
    <property name="java.endorsed.dirs" value="C:\Program Files\Java\jdk1.8.0_221\jre\lib\endorsed"/>
    <property name="java.runtime.name" value="Java(TM) SE Runtime Environment"/>
    <property name="file.encoding" value="Cp1252"/>
    <property name="java.vm.name" value="Java HotSpot(TM) 64-Bit Server VM"/>
    <property name="localRepository" value="C:\Users\Juan\.m2\repository"/>
    <property name="java.vendor.url.bug" value="http://bugreport.sun.com/bugreport/"/>
    <property name="java.io.tmpdir" value="C:\Users\Juan\AppData\Local\Temp\"/>
    <property name="java.version" value="1.8.0_221"/>
    <property name="user.dir" value="C:\Users\Juan\Documents\workspaceMS\HelloWorld"/>
    <property name="os.arch" value="amd64"/>
    <property name="java.vm.specification.name" value="Java Virtual Machine Specification"/>
    <property name="java.awt.printerjob" value="sun.awt.windows.WPrinterJob"/>
    <property name="sun.os.patch.level" value=""/>
    <property name="java.library.path" value="C:\Program Files\Java\jdk1.8.0_221\jre\bin;C:\WINDOWS\Sun\Java\bin;C:\WINDOWS\system32;C:\WINDOWS;C:\ProgramData\DockerDesktop\version-bin;C:\Program Files\Docker\Docker\Resources\bin;C:\Program Files (x86)\Common Files\Oracle\Java\javapath;C:\WINDOWS\system32;C:\WINDOWS;C:\WINDOWS\System32\Wbem;C:\WINDOWS\System32\WindowsPowerShell\v1.0\;C:\WINDOWS\System32\OpenSSH\;C:\Program Files\dotnet\;C:\Program Files\Microsoft SQL Server\130\Tools\Binn\;C:\Program Files\nodejs\;C:\Program Files\Microsoft SQL Server\Client SDK\ODBC\170\Tools\Binn\;C:\apache-maven-3.6.1\bin;C:\Users\Juan\AppData\Local\Microsoft\WindowsApps;C:\Users\Juan\AppData\Roaming\npm;C:\Users\Juan\AppData\Local\Programs\Microsoft VS Code\bin;C:\Users\Juan\AppData\Local\GitHubDesktop\bin;."/>
    <property name="java.vm.info" value="mixed mode"/>
    <property name="java.vendor" value="Oracle Corporation"/>
    <property name="java.vm.version" value="25.221-b11"/>
    <property name="java.rmi.server.randomIDs" value="true"/>
    <property name="java.ext.dirs" value="C:\Program Files\Java\jdk1.8.0_221\jre\lib\ext;C:\WINDOWS\Sun\Java\lib\ext"/>
    <property name="sun.io.unicode.encoding" value="UnicodeLittle"/>
    <property name="java.class.version" value="52.0"/>
  </properties>
  <testcase name="contextLoads" classname="com.helloworld.docker.HelloWorldApplicationTests" time="0.442"/>
</testsuite>